INFO - 2023-05-15 06:31:51 --> Session: Class initialized using 'CodeIgniter\Session\Handlers\FileHandler' driver.
INFO - 2023-05-15 06:31:51 --> Session: Class initialized using 'CodeIgniter\Session\Handlers\FileHandler' driver.
INFO - 2023-05-15 06:31:51 --> Session: Class initialized using 'CodeIgniter\Session\Handlers\FileHandler' driver.
INFO - 2023-05-15 06:31:53 --> Session: Class initialized using 'CodeIgniter\Session\Handlers\FileHandler' driver.
INFO - 2023-05-15 06:31:54 --> Session: Class initialized using 'CodeIgniter\Session\Handlers\FileHandler' driver.
INFO - 2023-05-15 06:31:54 --> Session: Class initialized using 'CodeIgniter\Session\Handlers\FileHandler' driver.
INFO - 2023-05-15 06:31:54 --> Session: Class initialized using 'CodeIgniter\Session\Handlers\FileHandler' driver.
INFO - 2023-05-15 06:31:54 --> Session: Class initialized using 'CodeIgniter\Session\Handlers\FileHandler' driver.
INFO - 2023-05-15 06:31:55 --> Session: Class initialized using 'CodeIgniter\Session\Handlers\FileHandler' driver.
INFO - 2023-05-15 06:32:03 --> Session: Class initialized using 'CodeIgniter\Session\Handlers\FileHandler' driver.
INFO - 2023-05-15 06:32:03 --> Session: Class initialized using 'CodeIgniter\Session\Handlers\FileHandler' driver.
INFO - 2023-05-15 06:32:03 --> Session: Class initialized using 'CodeIgniter\Session\Handlers\FileHandler' driver.
INFO - 2023-05-15 06:35:05 --> Session: Class initialized using 'CodeIgniter\Session\Handlers\FileHandler' driver.
INFO - 2023-05-15 06:35:05 --> Session: Class initialized using 'CodeIgniter\Session\Handlers\FileHandler' driver.
INFO - 2023-05-15 06:35:05 --> Session: Class initialized using 'CodeIgniter\Session\Handlers\FileHandler' driver.
INFO - 2023-05-15 06:35:06 --> Session: Class initialized using 'CodeIgniter\Session\Handlers\FileHandler' driver.
INFO - 2023-05-15 06:47:47 --> Session: Class initialized using 'CodeIgniter\Session\Handlers\FileHandler' driver.
INFO - 2023-05-15 06:47:47 --> Session: Class initialized using 'CodeIgniter\Session\Handlers\FileHandler' driver.
INFO - 2023-05-15 06:47:48 --> Session: Class initialized using 'CodeIgniter\Session\Handlers\FileHandler' driver.
INFO - 2023-05-15 06:47:48 --> Session: Class initialized using 'CodeIgniter\Session\Handlers\FileHandler' driver.
INFO - 2023-05-15 06:49:24 --> Session: Class initialized using 'CodeIgniter\Session\Handlers\FileHandler' driver.
INFO - 2023-05-15 06:49:25 --> Session: Class initialized using 'CodeIgniter\Session\Handlers\FileHandler' driver.
INFO - 2023-05-15 06:49:25 --> Session: Class initialized using 'CodeIgniter\Session\Handlers\FileHandler' driver.
INFO - 2023-05-15 06:55:29 --> Session: Class initialized using 'CodeIgniter\Session\Handlers\FileHandler' driver.
INFO - 2023-05-15 06:55:29 --> Session: Class initialized using 'CodeIgniter\Session\Handlers\FileHandler' driver.
INFO - 2023-05-15 06:55:29 --> Session: Class initialized using 'CodeIgniter\Session\Handlers\FileHandler' driver.
INFO - 2023-05-15 06:57:22 --> Session: Class initialized using 'CodeIgniter\Session\Handlers\FileHandler' driver.
INFO - 2023-05-15 06:57:23 --> Session: Class initialized using 'CodeIgniter\Session\Handlers\FileHandler' driver.
INFO - 2023-05-15 06:57:23 --> Session: Class initialized using 'CodeIgniter\Session\Handlers\FileHandler' driver.
INFO - 2023-05-15 06:57:35 --> Session: Class initialized using 'CodeIgniter\Session\Handlers\FileHandler' driver.
INFO - 2023-05-15 06:57:35 --> Session: Class initialized using 'CodeIgniter\Session\Handlers\FileHandler' driver.
INFO - 2023-05-15 06:57:36 --> Session: Class initialized using 'CodeIgniter\Session\Handlers\FileHandler' driver.
INFO - 2023-05-15 06:57:59 --> Session: Class initialized using 'CodeIgniter\Session\Handlers\FileHandler' driver.
INFO - 2023-05-15 06:58:00 --> Session: Class initialized using 'CodeIgniter\Session\Handlers\FileHandler' driver.
INFO - 2023-05-15 06:58:00 --> Session: Class initialized using 'CodeIgniter\Session\Handlers\FileHandler' driver.
INFO - 2023-05-15 07:12:37 --> Session: Class initialized using 'CodeIgniter\Session\Handlers\FileHandler' driver.
INFO - 2023-05-15 07:12:38 --> Session: Class initialized using 'CodeIgniter\Session\Handlers\FileHandler' driver.
INFO - 2023-05-15 07:12:39 --> Session: Class initialized using 'CodeIgniter\Session\Handlers\FileHandler' driver.
INFO - 2023-05-15 07:12:40 --> Session: Class initialized using 'CodeIgniter\Session\Handlers\FileHandler' driver.
INFO - 2023-05-15 07:12:54 --> Session: Class initialized using 'CodeIgniter\Session\Handlers\FileHandler' driver.
INFO - 2023-05-15 07:12:54 --> Session: Class initialized using 'CodeIgniter\Session\Handlers\FileHandler' driver.
INFO - 2023-05-15 07:12:55 --> Session: Class initialized using 'CodeIgniter\Session\Handlers\FileHandler' driver.
INFO - 2023-05-15 07:12:55 --> Session: Class initialized using 'CodeIgniter\Session\Handlers\FileHandler' driver.
INFO - 2023-05-15 07:16:26 --> Session: Class initialized using 'CodeIgniter\Session\Handlers\FileHandler' driver.
INFO - 2023-05-15 07:16:31 --> Session: Class initialized using 'CodeIgniter\Session\Handlers\FileHandler' driver.
INFO - 2023-05-15 07:17:14 --> Session: Class initialized using 'CodeIgniter\Session\Handlers\FileHandler' driver.
INFO - 2023-05-15 07:17:15 --> Session: Class initialized using 'CodeIgniter\Session\Handlers\FileHandler' driver.
INFO - 2023-05-15 07:17:15 --> Session: Class initialized using 'CodeIgniter\Session\Handlers\FileHandler' driver.
INFO - 2023-05-15 07:17:30 --> Session: Class initialized using 'CodeIgniter\Session\Handlers\FileHandler' driver.
INFO - 2023-05-15 07:17:30 --> Session: Class initialized using 'CodeIgniter\Session\Handlers\FileHandler' driver.
INFO - 2023-05-15 07:17:30 --> Session: Class initialized using 'CodeIgniter\Session\Handlers\FileHandler' driver.
INFO - 2023-05-15 07:17:31 --> Session: Class initialized using 'CodeIgniter\Session\Handlers\FileHandler' driver.
INFO - 2023-05-15 07:17:59 --> Session: Class initialized using 'CodeIgniter\Session\Handlers\FileHandler' driver.
INFO - 2023-05-15 07:18:00 --> Session: Class initialized using 'CodeIgniter\Session\Handlers\FileHandler' driver.
INFO - 2023-05-15 07:18:00 --> Session: Class initialized using 'CodeIgniter\Session\Handlers\FileHandler' driver.
INFO - 2023-05-15 07:19:13 --> Session: Class initialized using 'CodeIgniter\Session\Handlers\FileHandler' driver.
INFO - 2023-05-15 07:19:14 --> Session: Class initialized using 'CodeIgniter\Session\Handlers\FileHandler' driver.
INFO - 2023-05-15 07:19:14 --> Session: Class initialized using 'CodeIgniter\Session\Handlers\FileHandler' driver.
INFO - 2023-05-15 07:19:15 --> Session: Class initialized using 'CodeIgniter\Session\Handlers\FileHandler' driver.
INFO - 2023-05-15 07:21:03 --> Session: Class initialized using 'CodeIgniter\Session\Handlers\FileHandler' driver.
INFO - 2023-05-15 07:21:04 --> Session: Class initialized using 'CodeIgniter\Session\Handlers\FileHandler' driver.
INFO - 2023-05-15 07:21:04 --> Session: Class initialized using 'CodeIgniter\Session\Handlers\FileHandler' driver.
INFO - 2023-05-15 07:30:05 --> Session: Class initialized using 'CodeIgniter\Session\Handlers\FileHandler' driver.
INFO - 2023-05-15 07:30:05 --> Session: Class initialized using 'CodeIgniter\Session\Handlers\FileHandler' driver.
INFO - 2023-05-15 07:30:05 --> Session: Class initialized using 'CodeIgniter\Session\Handlers\FileHandler' driver.
INFO - 2023-05-15 07:31:32 --> Session: Class initialized using 'CodeIgniter\Session\Handlers\FileHandler' driver.
INFO - 2023-05-15 07:31:32 --> Session: Class initialized using 'CodeIgniter\Session\Handlers\FileHandler' driver.
INFO - 2023-05-15 07:31:32 --> Session: Class initialized using 'CodeIgniter\Session\Handlers\FileHandler' driver.
INFO - 2023-05-15 07:31:32 --> Session: Class initialized using 'CodeIgniter\Session\Handlers\FileHandler' driver.
INFO - 2023-05-15 07:31:37 --> Session: Class initialized using 'CodeIgniter\Session\Handlers\FileHandler' driver.
INFO - 2023-05-15 07:31:37 --> Session: Class initialized using 'CodeIgniter\Session\Handlers\FileHandler' driver.
INFO - 2023-05-15 07:31:37 --> Session: Class initialized using 'CodeIgniter\Session\Handlers\FileHandler' driver.
INFO - 2023-05-15 07:46:50 --> Session: Class initialized using 'CodeIgniter\Session\Handlers\FileHandler' driver.
INFO - 2023-05-15 07:46:51 --> Session: Class initialized using 'CodeIgniter\Session\Handlers\FileHandler' driver.
INFO - 2023-05-15 07:46:51 --> Session: Class initialized using 'CodeIgniter\Session\Handlers\FileHandler' driver.
INFO - 2023-05-15 07:46:51 --> Session: Class initialized using 'CodeIgniter\Session\Handlers\FileHandler' driver.
INFO - 2023-05-15 08:11:30 --> Session: Class initialized using 'CodeIgniter\Session\Handlers\FileHandler' driver.
CRITICAL - 2023-05-15 08:11:30 --> Undefined variable $dataobjek
in APPPATH\Views\leafletdraw\v_edit_point.php on line 124.
 1 APPPATH\Views\leafletdraw\v_edit_point.php(124): CodeIgniter\Debug\Exceptions->errorHandler(2, 'Undefined variable $dataobjek', 'APPPATH\\Views\\leafletdraw\\v_edit_point.php', 124)
 2 SYSTEMPATH\View\View.php(213): include('APPPATH\\Views\\leafletdraw\\v_edit_point.php')
 3 SYSTEMPATH\View\View.php(216): CodeIgniter\View\View->CodeIgniter\View\{closure}()
 4 SYSTEMPATH\Common.php(1184): CodeIgniter\View\View->render('leafletdraw/v_edit_point', [], true)
 5 APPPATH\Controllers\Leafletdraw.php(57): view('leafletdraw/v_edit_point')
 6 SYSTEMPATH\CodeIgniter.php(934): App\Controllers\Leafletdraw->edit_point()
 7 SYSTEMPATH\CodeIgniter.php(499): CodeIgniter\CodeIgniter->runController(Object(App\Controllers\Leafletdraw))
 8 SYSTEMPATH\CodeIgniter.php(368): CodeIgniter\CodeIgniter->handleRequest(null, Object(Config\Cache), false)
 9 FCPATH\index.php(67): CodeIgniter\CodeIgniter->run()
INFO - 2023-05-15 08:11:39 --> Session: Class initialized using 'CodeIgniter\Session\Handlers\FileHandler' driver.
CRITICAL - 2023-05-15 08:11:39 --> Undefined variable $dataobjek
in APPPATH\Views\leafletdraw\v_edit_point.php on line 124.
 1 APPPATH\Views\leafletdraw\v_edit_point.php(124): CodeIgniter\Debug\Exceptions->errorHandler(2, 'Undefined variable $dataobjek', 'APPPATH\\Views\\leafletdraw\\v_edit_point.php', 124)
 2 SYSTEMPATH\View\View.php(213): include('APPPATH\\Views\\leafletdraw\\v_edit_point.php')
 3 SYSTEMPATH\View\View.php(216): CodeIgniter\View\View->CodeIgniter\View\{closure}()
 4 SYSTEMPATH\Common.php(1184): CodeIgniter\View\View->render('leafletdraw/v_edit_point', [], true)
 5 APPPATH\Controllers\Leafletdraw.php(57): view('leafletdraw/v_edit_point')
 6 SYSTEMPATH\CodeIgniter.php(934): App\Controllers\Leafletdraw->edit_point()
 7 SYSTEMPATH\CodeIgniter.php(499): CodeIgniter\CodeIgniter->runController(Object(App\Controllers\Leafletdraw))
 8 SYSTEMPATH\CodeIgniter.php(368): CodeIgniter\CodeIgniter->handleRequest(null, Object(Config\Cache), false)
 9 FCPATH\index.php(67): CodeIgniter\CodeIgniter->run()
INFO - 2023-05-15 08:12:04 --> Session: Class initialized using 'CodeIgniter\Session\Handlers\FileHandler' driver.
CRITICAL - 2023-05-15 08:12:04 --> Undefined variable $dataobjek
in APPPATH\Views\leafletdraw\v_edit_point.php on line 124.
 1 APPPATH\Views\leafletdraw\v_edit_point.php(124): CodeIgniter\Debug\Exceptions->errorHandler(2, 'Undefined variable $dataobjek', 'APPPATH\\Views\\leafletdraw\\v_edit_point.php', 124)
 2 SYSTEMPATH\View\View.php(213): include('APPPATH\\Views\\leafletdraw\\v_edit_point.php')
 3 SYSTEMPATH\View\View.php(216): CodeIgniter\View\View->CodeIgniter\View\{closure}()
 4 SYSTEMPATH\Common.php(1184): CodeIgniter\View\View->render('leafletdraw/v_edit_point', [], true)
 5 APPPATH\Controllers\Leafletdraw.php(57): view('leafletdraw/v_edit_point')
 6 SYSTEMPATH\CodeIgniter.php(934): App\Controllers\Leafletdraw->edit_point()
 7 SYSTEMPATH\CodeIgniter.php(499): CodeIgniter\CodeIgniter->runController(Object(App\Controllers\Leafletdraw))
 8 SYSTEMPATH\CodeIgniter.php(368): CodeIgniter\CodeIgniter->handleRequest(null, Object(Config\Cache), false)
 9 FCPATH\index.php(67): CodeIgniter\CodeIgniter->run()
INFO - 2023-05-15 08:12:05 --> Session: Class initialized using 'CodeIgniter\Session\Handlers\FileHandler' driver.
CRITICAL - 2023-05-15 08:12:05 --> Undefined variable $dataobjek
in APPPATH\Views\leafletdraw\v_edit_point.php on line 124.
 1 APPPATH\Views\leafletdraw\v_edit_point.php(124): CodeIgniter\Debug\Exceptions->errorHandler(2, 'Undefined variable $dataobjek', 'APPPATH\\Views\\leafletdraw\\v_edit_point.php', 124)
 2 SYSTEMPATH\View\View.php(213): include('APPPATH\\Views\\leafletdraw\\v_edit_point.php')
 3 SYSTEMPATH\View\View.php(216): CodeIgniter\View\View->CodeIgniter\View\{closure}()
 4 SYSTEMPATH\Common.php(1184): CodeIgniter\View\View->render('leafletdraw/v_edit_point', [], true)
 5 APPPATH\Controllers\Leafletdraw.php(57): view('leafletdraw/v_edit_point')
 6 SYSTEMPATH\CodeIgniter.php(934): App\Controllers\Leafletdraw->edit_point()
 7 SYSTEMPATH\CodeIgniter.php(499): CodeIgniter\CodeIgniter->runController(Object(App\Controllers\Leafletdraw))
 8 SYSTEMPATH\CodeIgniter.php(368): CodeIgniter\CodeIgniter->handleRequest(null, Object(Config\Cache), false)
 9 FCPATH\index.php(67): CodeIgniter\CodeIgniter->run()
INFO - 2023-05-15 08:13:08 --> Session: Class initialized using 'CodeIgniter\Session\Handlers\FileHandler' driver.
CRITICAL - 2023-05-15 08:13:09 --> Undefined variable $dataobjek
in APPPATH\Views\leafletdraw\v_edit_point.php on line 124.
 1 APPPATH\Views\leafletdraw\v_edit_point.php(124): CodeIgniter\Debug\Exceptions->errorHandler(2, 'Undefined variable $dataobjek', 'APPPATH\\Views\\leafletdraw\\v_edit_point.php', 124)
 2 SYSTEMPATH\View\View.php(213): include('APPPATH\\Views\\leafletdraw\\v_edit_point.php')
 3 SYSTEMPATH\View\View.php(216): CodeIgniter\View\View->CodeIgniter\View\{closure}()
 4 SYSTEMPATH\Common.php(1184): CodeIgniter\View\View->render('leafletdraw/v_edit_point', [], true)
 5 APPPATH\Controllers\Leafletdraw.php(57): view('leafletdraw/v_edit_point')
 6 SYSTEMPATH\CodeIgniter.php(934): App\Controllers\Leafletdraw->edit_point()
 7 SYSTEMPATH\CodeIgniter.php(499): CodeIgniter\CodeIgniter->runController(Object(App\Controllers\Leafletdraw))
 8 SYSTEMPATH\CodeIgniter.php(368): CodeIgniter\CodeIgniter->handleRequest(null, Object(Config\Cache), false)
 9 FCPATH\index.php(67): CodeIgniter\CodeIgniter->run()
INFO - 2023-05-15 08:13:56 --> Session: Class initialized using 'CodeIgniter\Session\Handlers\FileHandler' driver.
CRITICAL - 2023-05-15 08:13:56 --> Undefined variable $dataobjek
in APPPATH\Views\leafletdraw\v_edit_point.php on line 124.
 1 APPPATH\Views\leafletdraw\v_edit_point.php(124): CodeIgniter\Debug\Exceptions->errorHandler(2, 'Undefined variable $dataobjek', 'APPPATH\\Views\\leafletdraw\\v_edit_point.php', 124)
 2 SYSTEMPATH\View\View.php(213): include('APPPATH\\Views\\leafletdraw\\v_edit_point.php')
 3 SYSTEMPATH\View\View.php(216): CodeIgniter\View\View->CodeIgniter\View\{closure}()
 4 SYSTEMPATH\Common.php(1184): CodeIgniter\View\View->render('leafletdraw/v_edit_point', [], true)
 5 APPPATH\Controllers\Leafletdraw.php(57): view('leafletdraw/v_edit_point')
 6 SYSTEMPATH\CodeIgniter.php(934): App\Controllers\Leafletdraw->edit_point()
 7 SYSTEMPATH\CodeIgniter.php(499): CodeIgniter\CodeIgniter->runController(Object(App\Controllers\Leafletdraw))
 8 SYSTEMPATH\CodeIgniter.php(368): CodeIgniter\CodeIgniter->handleRequest(null, Object(Config\Cache), false)
 9 FCPATH\index.php(67): CodeIgniter\CodeIgniter->run()
INFO - 2023-05-15 08:13:57 --> Session: Class initialized using 'CodeIgniter\Session\Handlers\FileHandler' driver.
CRITICAL - 2023-05-15 08:13:57 --> Undefined variable $dataobjek
in APPPATH\Views\leafletdraw\v_edit_point.php on line 124.
 1 APPPATH\Views\leafletdraw\v_edit_point.php(124): CodeIgniter\Debug\Exceptions->errorHandler(2, 'Undefined variable $dataobjek', 'APPPATH\\Views\\leafletdraw\\v_edit_point.php', 124)
 2 SYSTEMPATH\View\View.php(213): include('APPPATH\\Views\\leafletdraw\\v_edit_point.php')
 3 SYSTEMPATH\View\View.php(216): CodeIgniter\View\View->CodeIgniter\View\{closure}()
 4 SYSTEMPATH\Common.php(1184): CodeIgniter\View\View->render('leafletdraw/v_edit_point', [], true)
 5 APPPATH\Controllers\Leafletdraw.php(57): view('leafletdraw/v_edit_point')
 6 SYSTEMPATH\CodeIgniter.php(934): App\Controllers\Leafletdraw->edit_point()
 7 SYSTEMPATH\CodeIgniter.php(499): CodeIgniter\CodeIgniter->runController(Object(App\Controllers\Leafletdraw))
 8 SYSTEMPATH\CodeIgniter.php(368): CodeIgniter\CodeIgniter->handleRequest(null, Object(Config\Cache), false)
 9 FCPATH\index.php(67): CodeIgniter\CodeIgniter->run()
INFO - 2023-05-15 08:13:58 --> Session: Class initialized using 'CodeIgniter\Session\Handlers\FileHandler' driver.
CRITICAL - 2023-05-15 08:13:58 --> Undefined variable $dataobjek
in APPPATH\Views\leafletdraw\v_edit_point.php on line 124.
 1 APPPATH\Views\leafletdraw\v_edit_point.php(124): CodeIgniter\Debug\Exceptions->errorHandler(2, 'Undefined variable $dataobjek', 'APPPATH\\Views\\leafletdraw\\v_edit_point.php', 124)
 2 SYSTEMPATH\View\View.php(213): include('APPPATH\\Views\\leafletdraw\\v_edit_point.php')
 3 SYSTEMPATH\View\View.php(216): CodeIgniter\View\View->CodeIgniter\View\{closure}()
 4 SYSTEMPATH\Common.php(1184): CodeIgniter\View\View->render('leafletdraw/v_edit_point', [], true)
 5 APPPATH\Controllers\Leafletdraw.php(57): view('leafletdraw/v_edit_point')
 6 SYSTEMPATH\CodeIgniter.php(934): App\Controllers\Leafletdraw->edit_point()
 7 SYSTEMPATH\CodeIgniter.php(499): CodeIgniter\CodeIgniter->runController(Object(App\Controllers\Leafletdraw))
 8 SYSTEMPATH\CodeIgniter.php(368): CodeIgniter\CodeIgniter->handleRequest(null, Object(Config\Cache), false)
 9 FCPATH\index.php(67): CodeIgniter\CodeIgniter->run()
INFO - 2023-05-15 08:14:33 --> Session: Class initialized using 'CodeIgniter\Session\Handlers\FileHandler' driver.
CRITICAL - 2023-05-15 08:14:33 --> Undefined variable $dataobjek
in APPPATH\Views\leafletdraw\v_edit_point.php on line 124.
 1 APPPATH\Views\leafletdraw\v_edit_point.php(124): CodeIgniter\Debug\Exceptions->errorHandler(2, 'Undefined variable $dataobjek', 'APPPATH\\Views\\leafletdraw\\v_edit_point.php', 124)
 2 SYSTEMPATH\View\View.php(213): include('APPPATH\\Views\\leafletdraw\\v_edit_point.php')
 3 SYSTEMPATH\View\View.php(216): CodeIgniter\View\View->CodeIgniter\View\{closure}()
 4 SYSTEMPATH\Common.php(1184): CodeIgniter\View\View->render('leafletdraw/v_edit_point', [], true)
 5 APPPATH\Controllers\Leafletdraw.php(57): view('leafletdraw/v_edit_point')
 6 SYSTEMPATH\CodeIgniter.php(934): App\Controllers\Leafletdraw->edit_point()
 7 SYSTEMPATH\CodeIgniter.php(499): CodeIgniter\CodeIgniter->runController(Object(App\Controllers\Leafletdraw))
 8 SYSTEMPATH\CodeIgniter.php(368): CodeIgniter\CodeIgniter->handleRequest(null, Object(Config\Cache), false)
 9 FCPATH\index.php(67): CodeIgniter\CodeIgniter->run()
INFO - 2023-05-15 08:14:34 --> Session: Class initialized using 'CodeIgniter\Session\Handlers\FileHandler' driver.
CRITICAL - 2023-05-15 08:14:34 --> Undefined variable $dataobjek
in APPPATH\Views\leafletdraw\v_edit_point.php on line 124.
 1 APPPATH\Views\leafletdraw\v_edit_point.php(124): CodeIgniter\Debug\Exceptions->errorHandler(2, 'Undefined variable $dataobjek', 'APPPATH\\Views\\leafletdraw\\v_edit_point.php', 124)
 2 SYSTEMPATH\View\View.php(213): include('APPPATH\\Views\\leafletdraw\\v_edit_point.php')
 3 SYSTEMPATH\View\View.php(216): CodeIgniter\View\View->CodeIgniter\View\{closure}()
 4 SYSTEMPATH\Common.php(1184): CodeIgniter\View\View->render('leafletdraw/v_edit_point', [], true)
 5 APPPATH\Controllers\Leafletdraw.php(57): view('leafletdraw/v_edit_point')
 6 SYSTEMPATH\CodeIgniter.php(934): App\Controllers\Leafletdraw->edit_point()
 7 SYSTEMPATH\CodeIgniter.php(499): CodeIgniter\CodeIgniter->runController(Object(App\Controllers\Leafletdraw))
 8 SYSTEMPATH\CodeIgniter.php(368): CodeIgniter\CodeIgniter->handleRequest(null, Object(Config\Cache), false)
 9 FCPATH\index.php(67): CodeIgniter\CodeIgniter->run()
INFO - 2023-05-15 08:14:38 --> Session: Class initialized using 'CodeIgniter\Session\Handlers\FileHandler' driver.
CRITICAL - 2023-05-15 08:14:38 --> Undefined variable $dataobjek
in APPPATH\Views\leafletdraw\v_edit_point.php on line 124.
 1 APPPATH\Views\leafletdraw\v_edit_point.php(124): CodeIgniter\Debug\Exceptions->errorHandler(2, 'Undefined variable $dataobjek', 'APPPATH\\Views\\leafletdraw\\v_edit_point.php', 124)
 2 SYSTEMPATH\View\View.php(213): include('APPPATH\\Views\\leafletdraw\\v_edit_point.php')
 3 SYSTEMPATH\View\View.php(216): CodeIgniter\View\View->CodeIgniter\View\{closure}()
 4 SYSTEMPATH\Common.php(1184): CodeIgniter\View\View->render('leafletdraw/v_edit_point', [], true)
 5 APPPATH\Controllers\Leafletdraw.php(57): view('leafletdraw/v_edit_point')
 6 SYSTEMPATH\CodeIgniter.php(934): App\Controllers\Leafletdraw->edit_point()
 7 SYSTEMPATH\CodeIgniter.php(499): CodeIgniter\CodeIgniter->runController(Object(App\Controllers\Leafletdraw))
 8 SYSTEMPATH\CodeIgniter.php(368): CodeIgniter\CodeIgniter->handleRequest(null, Object(Config\Cache), false)
 9 FCPATH\index.php(67): CodeIgniter\CodeIgniter->run()
INFO - 2023-05-15 08:14:38 --> Session: Class initialized using 'CodeIgniter\Session\Handlers\FileHandler' driver.
CRITICAL - 2023-05-15 08:14:38 --> Undefined variable $dataobjek
in APPPATH\Views\leafletdraw\v_edit_point.php on line 124.
 1 APPPATH\Views\leafletdraw\v_edit_point.php(124): CodeIgniter\Debug\Exceptions->errorHandler(2, 'Undefined variable $dataobjek', 'APPPATH\\Views\\leafletdraw\\v_edit_point.php', 124)
 2 SYSTEMPATH\View\View.php(213): include('APPPATH\\Views\\leafletdraw\\v_edit_point.php')
 3 SYSTEMPATH\View\View.php(216): CodeIgniter\View\View->CodeIgniter\View\{closure}()
 4 SYSTEMPATH\Common.php(1184): CodeIgniter\View\View->render('leafletdraw/v_edit_point', [], true)
 5 APPPATH\Controllers\Leafletdraw.php(57): view('leafletdraw/v_edit_point')
 6 SYSTEMPATH\CodeIgniter.php(934): App\Controllers\Leafletdraw->edit_point()
 7 SYSTEMPATH\CodeIgniter.php(499): CodeIgniter\CodeIgniter->runController(Object(App\Controllers\Leafletdraw))
 8 SYSTEMPATH\CodeIgniter.php(368): CodeIgniter\CodeIgniter->handleRequest(null, Object(Config\Cache), false)
 9 FCPATH\index.php(67): CodeIgniter\CodeIgniter->run()
INFO - 2023-05-15 08:14:38 --> Session: Class initialized using 'CodeIgniter\Session\Handlers\FileHandler' driver.
CRITICAL - 2023-05-15 08:14:38 --> Undefined variable $dataobjek
in APPPATH\Views\leafletdraw\v_edit_point.php on line 124.
 1 APPPATH\Views\leafletdraw\v_edit_point.php(124): CodeIgniter\Debug\Exceptions->errorHandler(2, 'Undefined variable $dataobjek', 'APPPATH\\Views\\leafletdraw\\v_edit_point.php', 124)
 2 SYSTEMPATH\View\View.php(213): include('APPPATH\\Views\\leafletdraw\\v_edit_point.php')
 3 SYSTEMPATH\View\View.php(216): CodeIgniter\View\View->CodeIgniter\View\{closure}()
 4 SYSTEMPATH\Common.php(1184): CodeIgniter\View\View->render('leafletdraw/v_edit_point', [], true)
 5 APPPATH\Controllers\Leafletdraw.php(57): view('leafletdraw/v_edit_point')
 6 SYSTEMPATH\CodeIgniter.php(934): App\Controllers\Leafletdraw->edit_point()
 7 SYSTEMPATH\CodeIgniter.php(499): CodeIgniter\CodeIgniter->runController(Object(App\Controllers\Leafletdraw))
 8 SYSTEMPATH\CodeIgniter.php(368): CodeIgniter\CodeIgniter->handleRequest(null, Object(Config\Cache), false)
 9 FCPATH\index.php(67): CodeIgniter\CodeIgniter->run()
INFO - 2023-05-15 08:14:38 --> Session: Class initialized using 'CodeIgniter\Session\Handlers\FileHandler' driver.
CRITICAL - 2023-05-15 08:14:38 --> Undefined variable $dataobjek
in APPPATH\Views\leafletdraw\v_edit_point.php on line 124.
 1 APPPATH\Views\leafletdraw\v_edit_point.php(124): CodeIgniter\Debug\Exceptions->errorHandler(2, 'Undefined variable $dataobjek', 'APPPATH\\Views\\leafletdraw\\v_edit_point.php', 124)
 2 SYSTEMPATH\View\View.php(213): include('APPPATH\\Views\\leafletdraw\\v_edit_point.php')
 3 SYSTEMPATH\View\View.php(216): CodeIgniter\View\View->CodeIgniter\View\{closure}()
 4 SYSTEMPATH\Common.php(1184): CodeIgniter\View\View->render('leafletdraw/v_edit_point', [], true)
 5 APPPATH\Controllers\Leafletdraw.php(57): view('leafletdraw/v_edit_point')
 6 SYSTEMPATH\CodeIgniter.php(934): App\Controllers\Leafletdraw->edit_point()
 7 SYSTEMPATH\CodeIgniter.php(499): CodeIgniter\CodeIgniter->runController(Object(App\Controllers\Leafletdraw))
 8 SYSTEMPATH\CodeIgniter.php(368): CodeIgniter\CodeIgniter->handleRequest(null, Object(Config\Cache), false)
 9 FCPATH\index.php(67): CodeIgniter\CodeIgniter->run()
INFO - 2023-05-15 08:14:44 --> Session: Class initialized using 'CodeIgniter\Session\Handlers\FileHandler' driver.
INFO - 2023-05-15 08:14:44 --> Session: Class initialized using 'CodeIgniter\Session\Handlers\FileHandler' driver.
INFO - 2023-05-15 08:14:45 --> Session: Class initialized using 'CodeIgniter\Session\Handlers\FileHandler' driver.
INFO - 2023-05-15 08:14:51 --> Session: Class initialized using 'CodeIgniter\Session\Handlers\FileHandler' driver.
CRITICAL - 2023-05-15 08:14:51 --> Undefined variable $dataobjek
in APPPATH\Views\leafletdraw\v_edit_point.php on line 124.
 1 APPPATH\Views\leafletdraw\v_edit_point.php(124): CodeIgniter\Debug\Exceptions->errorHandler(2, 'Undefined variable $dataobjek', 'APPPATH\\Views\\leafletdraw\\v_edit_point.php', 124)
 2 SYSTEMPATH\View\View.php(213): include('APPPATH\\Views\\leafletdraw\\v_edit_point.php')
 3 SYSTEMPATH\View\View.php(216): CodeIgniter\View\View->CodeIgniter\View\{closure}()
 4 SYSTEMPATH\Common.php(1184): CodeIgniter\View\View->render('leafletdraw/v_edit_point', [], true)
 5 APPPATH\Controllers\Leafletdraw.php(57): view('leafletdraw/v_edit_point')
 6 SYSTEMPATH\CodeIgniter.php(934): App\Controllers\Leafletdraw->edit_point()
 7 SYSTEMPATH\CodeIgniter.php(499): CodeIgniter\CodeIgniter->runController(Object(App\Controllers\Leafletdraw))
 8 SYSTEMPATH\CodeIgniter.php(368): CodeIgniter\CodeIgniter->handleRequest(null, Object(Config\Cache), false)
 9 FCPATH\index.php(67): CodeIgniter\CodeIgniter->run()
INFO - 2023-05-15 08:15:08 --> Session: Class initialized using 'CodeIgniter\Session\Handlers\FileHandler' driver.
INFO - 2023-05-15 08:15:09 --> Session: Class initialized using 'CodeIgniter\Session\Handlers\FileHandler' driver.
INFO - 2023-05-15 08:15:09 --> Session: Class initialized using 'CodeIgniter\Session\Handlers\FileHandler' driver.
INFO - 2023-05-15 08:16:00 --> Session: Class initialized using 'CodeIgniter\Session\Handlers\FileHandler' driver.
CRITICAL - 2023-05-15 08:16:00 --> Undefined variable $dataobjek
in APPPATH\Views\leafletdraw\v_edit_point.php on line 124.
 1 APPPATH\Views\leafletdraw\v_edit_point.php(124): CodeIgniter\Debug\Exceptions->errorHandler(2, 'Undefined variable $dataobjek', 'APPPATH\\Views\\leafletdraw\\v_edit_point.php', 124)
 2 SYSTEMPATH\View\View.php(213): include('APPPATH\\Views\\leafletdraw\\v_edit_point.php')
 3 SYSTEMPATH\View\View.php(216): CodeIgniter\View\View->CodeIgniter\View\{closure}()
 4 SYSTEMPATH\Common.php(1184): CodeIgniter\View\View->render('leafletdraw/v_edit_point', [], true)
 5 APPPATH\Controllers\Leafletdraw.php(57): view('leafletdraw/v_edit_point')
 6 SYSTEMPATH\CodeIgniter.php(934): App\Controllers\Leafletdraw->edit_point()
 7 SYSTEMPATH\CodeIgniter.php(499): CodeIgniter\CodeIgniter->runController(Object(App\Controllers\Leafletdraw))
 8 SYSTEMPATH\CodeIgniter.php(368): CodeIgniter\CodeIgniter->handleRequest(null, Object(Config\Cache), false)
 9 FCPATH\index.php(67): CodeIgniter\CodeIgniter->run()
INFO - 2023-05-15 08:16:01 --> Session: Class initialized using 'CodeIgniter\Session\Handlers\FileHandler' driver.
CRITICAL - 2023-05-15 08:16:01 --> Undefined variable $dataobjek
in APPPATH\Views\leafletdraw\v_edit_point.php on line 124.
 1 APPPATH\Views\leafletdraw\v_edit_point.php(124): CodeIgniter\Debug\Exceptions->errorHandler(2, 'Undefined variable $dataobjek', 'APPPATH\\Views\\leafletdraw\\v_edit_point.php', 124)
 2 SYSTEMPATH\View\View.php(213): include('APPPATH\\Views\\leafletdraw\\v_edit_point.php')
 3 SYSTEMPATH\View\View.php(216): CodeIgniter\View\View->CodeIgniter\View\{closure}()
 4 SYSTEMPATH\Common.php(1184): CodeIgniter\View\View->render('leafletdraw/v_edit_point', [], true)
 5 APPPATH\Controllers\Leafletdraw.php(57): view('leafletdraw/v_edit_point')
 6 SYSTEMPATH\CodeIgniter.php(934): App\Controllers\Leafletdraw->edit_point()
 7 SYSTEMPATH\CodeIgniter.php(499): CodeIgniter\CodeIgniter->runController(Object(App\Controllers\Leafletdraw))
 8 SYSTEMPATH\CodeIgniter.php(368): CodeIgniter\CodeIgniter->handleRequest(null, Object(Config\Cache), false)
 9 FCPATH\index.php(67): CodeIgniter\CodeIgniter->run()
INFO - 2023-05-15 08:19:02 --> Session: Class initialized using 'CodeIgniter\Session\Handlers\FileHandler' driver.
INFO - 2023-05-15 08:19:03 --> Session: Class initialized using 'CodeIgniter\Session\Handlers\FileHandler' driver.
INFO - 2023-05-15 08:19:03 --> Session: Class initialized using 'CodeIgniter\Session\Handlers\FileHandler' driver.
INFO - 2023-05-15 08:39:31 --> Session: Class initialized using 'CodeIgniter\Session\Handlers\FileHandler' driver.
INFO - 2023-05-15 08:39:32 --> Session: Class initialized using 'CodeIgniter\Session\Handlers\FileHandler' driver.
INFO - 2023-05-15 08:39:32 --> Session: Class initialized using 'CodeIgniter\Session\Handlers\FileHandler' driver.
INFO - 2023-05-15 08:40:07 --> Session: Class initialized using 'CodeIgniter\Session\Handlers\FileHandler' driver.
INFO - 2023-05-15 08:40:08 --> Session: Class initialized using 'CodeIgniter\Session\Handlers\FileHandler' driver.
INFO - 2023-05-15 08:40:08 --> Session: Class initialized using 'CodeIgniter\Session\Handlers\FileHandler' driver.
INFO - 2023-05-15 08:41:22 --> Session: Class initialized using 'CodeIgniter\Session\Handlers\FileHandler' driver.
INFO - 2023-05-15 08:41:23 --> Session: Class initialized using 'CodeIgniter\Session\Handlers\FileHandler' driver.
INFO - 2023-05-15 08:41:23 --> Session: Class initialized using 'CodeIgniter\Session\Handlers\FileHandler' driver.
INFO - 2023-05-15 08:44:27 --> Session: Class initialized using 'CodeIgniter\Session\Handlers\FileHandler' driver.
INFO - 2023-05-15 08:44:28 --> Session: Class initialized using 'CodeIgniter\Session\Handlers\FileHandler' driver.
INFO - 2023-05-15 08:44:28 --> Session: Class initialized using 'CodeIgniter\Session\Handlers\FileHandler' driver.
INFO - 2023-05-15 08:45:23 --> Session: Class initialized using 'CodeIgniter\Session\Handlers\FileHandler' driver.
CRITICAL - 2023-05-15 08:45:23 --> Undefined variable $dataobjek
in APPPATH\Views\leafletdraw\v_edit_point.php on line 124.
 1 APPPATH\Views\leafletdraw\v_edit_point.php(124): CodeIgniter\Debug\Exceptions->errorHandler(2, 'Undefined variable $dataobjek', 'APPPATH\\Views\\leafletdraw\\v_edit_point.php', 124)
 2 SYSTEMPATH\View\View.php(213): include('APPPATH\\Views\\leafletdraw\\v_edit_point.php')
 3 SYSTEMPATH\View\View.php(216): CodeIgniter\View\View->CodeIgniter\View\{closure}()
 4 SYSTEMPATH\Common.php(1184): CodeIgniter\View\View->render('leafletdraw/v_edit_point', [], true)
 5 APPPATH\Controllers\Leafletdraw.php(57): view('leafletdraw/v_edit_point')
 6 SYSTEMPATH\CodeIgniter.php(934): App\Controllers\Leafletdraw->edit_point()
 7 SYSTEMPATH\CodeIgniter.php(499): CodeIgniter\CodeIgniter->runController(Object(App\Controllers\Leafletdraw))
 8 SYSTEMPATH\CodeIgniter.php(368): CodeIgniter\CodeIgniter->handleRequest(null, Object(Config\Cache), false)
 9 FCPATH\index.php(67): CodeIgniter\CodeIgniter->run()
INFO - 2023-05-15 08:45:32 --> Session: Class initialized using 'CodeIgniter\Session\Handlers\FileHandler' driver.
INFO - 2023-05-15 08:45:34 --> Session: Class initialized using 'CodeIgniter\Session\Handlers\FileHandler' driver.
INFO - 2023-05-15 08:45:34 --> Session: Class initialized using 'CodeIgniter\Session\Handlers\FileHandler' driver.
INFO - 2023-05-15 08:46:34 --> Session: Class initialized using 'CodeIgniter\Session\Handlers\FileHandler' driver.
INFO - 2023-05-15 08:46:35 --> Session: Class initialized using 'CodeIgniter\Session\Handlers\FileHandler' driver.
INFO - 2023-05-15 08:46:35 --> Session: Class initialized using 'CodeIgniter\Session\Handlers\FileHandler' driver.
INFO - 2023-05-15 08:46:55 --> Session: Class initialized using 'CodeIgniter\Session\Handlers\FileHandler' driver.
INFO - 2023-05-15 08:46:56 --> Session: Class initialized using 'CodeIgniter\Session\Handlers\FileHandler' driver.
INFO - 2023-05-15 08:46:56 --> Session: Class initialized using 'CodeIgniter\Session\Handlers\FileHandler' driver.
INFO - 2023-05-15 08:47:34 --> Session: Class initialized using 'CodeIgniter\Session\Handlers\FileHandler' driver.
INFO - 2023-05-15 08:47:35 --> Session: Class initialized using 'CodeIgniter\Session\Handlers\FileHandler' driver.
INFO - 2023-05-15 08:47:35 --> Session: Class initialized using 'CodeIgniter\Session\Handlers\FileHandler' driver.
INFO - 2023-05-15 08:49:42 --> Session: Class initialized using 'CodeIgniter\Session\Handlers\FileHandler' driver.
INFO - 2023-05-15 08:49:42 --> Session: Class initialized using 'CodeIgniter\Session\Handlers\FileHandler' driver.
INFO - 2023-05-15 08:49:43 --> Session: Class initialized using 'CodeIgniter\Session\Handlers\FileHandler' driver.
INFO - 2023-05-15 09:03:56 --> Session: Class initialized using 'CodeIgniter\Session\Handlers\FileHandler' driver.
INFO - 2023-05-15 09:03:57 --> Session: Class initialized using 'CodeIgniter\Session\Handlers\FileHandler' driver.
INFO - 2023-05-15 09:03:57 --> Session: Class initialized using 'CodeIgniter\Session\Handlers\FileHandler' driver.
INFO - 2023-05-15 09:04:47 --> Session: Class initialized using 'CodeIgniter\Session\Handlers\FileHandler' driver.
INFO - 2023-05-15 09:04:48 --> Session: Class initialized using 'CodeIgniter\Session\Handlers\FileHandler' driver.
INFO - 2023-05-15 09:04:48 --> Session: Class initialized using 'CodeIgniter\Session\Handlers\FileHandler' driver.
